Started GET "/" for ::1 at 2022-09-21 08:36:07 -0500
Processing by Rails::WelcomeController#index as HTML
  Rendering /var/lib/gems/2.7.0/gems/railties-7.0.4/lib/rails/templates/rails/welcome/index.html.erb
  Rendered /var/lib/gems/2.7.0/gems/railties-7.0.4/lib/rails/templates/rails/welcome/index.html.erb (Duration: 2.0ms | Allocations: 672)
Completed 200 OK in 16ms (Views: 7.3ms | ActiveRecord: 0.0ms | Allocations: 6559)


Started GET "/" for ::1 at 2022-09-21 08:46:54 -0500
Processing by Rails::WelcomeController#index as HTML
  Rendering /var/lib/gems/2.7.0/gems/railties-7.0.4/lib/rails/templates/rails/welcome/index.html.erb
  Rendered /var/lib/gems/2.7.0/gems/railties-7.0.4/lib/rails/templates/rails/welcome/index.html.erb (Duration: 0.9ms | Allocations: 560)
Completed 200 OK in 8ms (Views: 2.7ms | ActiveRecord: 0.0ms | Allocations: 5205)


Started GET "/" for ::1 at 2022-09-21 09:01:50 -0500
Processing by Rails::WelcomeController#index as HTML
  Rendering /var/lib/gems/2.7.0/gems/railties-7.0.4/lib/rails/templates/rails/welcome/index.html.erb
  Rendered /var/lib/gems/2.7.0/gems/railties-7.0.4/lib/rails/templates/rails/welcome/index.html.erb (Duration: 0.9ms | Allocations: 351)
Completed 200 OK in 3ms (Views: 2.4ms | Allocations: 1100)


Started GET "/articles" for ::1 at 2022-09-21 09:02:05 -0500
Processing by ArticlesController#index as HTML
  Rendering layout layouts/application.html.erb
  Rendering articles/index.html.erb within layouts/application
  Rendered articles/index.html.erb within layouts/application (Duration: 0.4ms | Allocations: 99)
  Rendered layout layouts/application.html.erb (Duration: 345.6ms | Allocations: 98124)
Completed 200 OK in 348ms (Views: 346.8ms | Allocations: 99015)


Started GET "/" for ::1 at 2022-09-21 09:07:50 -0500
Processing by ArticlesController#index as HTML
  Rendering layout layouts/application.html.erb
  Rendering articles/index.html.erb within layouts/application
  Rendered articles/index.html.erb within layouts/application (Duration: 0.1ms | Allocations: 7)
  Rendered layout layouts/application.html.erb (Duration: 10.3ms | Allocations: 13833)
Completed 200 OK in 12ms (Views: 11.8ms | Allocations: 14459)


  [1m[35m (102.8ms)[0m  [1m[35mCREATE TABLE "schema_migrations" ("version" varchar NOT NULL PRIMARY KEY)[0m
  [1m[35m (52.9ms)[0m  [1m[35mCREATE TABLE "ar_internal_metadata" ("key" varchar NOT NULL PRIMARY KEY, "value" varchar, "created_at" datetime(6) NOT NULL, "updated_at" datetime(6) NOT NULL)[0m
  [1m[36mActiveRecord::SchemaMigration Pluck (0.1ms)[0m  [1m[34mSELECT "schema_migrations"."version" FROM "schema_migrations" ORDER BY "schema_migrations"."version" ASC[0m
Migrating to CreateArticles (20220921141720)
  [1m[36mTRANSACTION (0.1ms)[0m  [1m[36mbegin transaction[0m
  [1m[35m (0.3ms)[0m  [1m[35mCREATE TABLE "articles" ("id" integer PRIMARY KEY AUTOINCREMENT NOT NULL, "title" varchar, "body" text, "created_at" datetime(6) NOT NULL, "updated_at" datetime(6) NOT NULL)[0m
  [1m[36mActiveRecord::SchemaMigration Create (0.4ms)[0m  [1m[32mINSERT INTO "schema_migrations" ("version") VALUES (?)[0m  [["version", "20220921141720"]]
  [1m[36mTRANSACTION (54.0ms)[0m  [1m[36mcommit transaction[0m
  [1m[36mActiveRecord::InternalMetadata Load (0.3ms)[0m  [1m[34mSELECT "ar_internal_metadata".* FROM "ar_internal_metadata" WHERE "ar_internal_metadata"."key" = ? LIMIT ?[0m  [["key", "environment"], ["LIMIT", 1]]
  [1m[36mTRANSACTION (0.1ms)[0m  [1m[36mbegin transaction[0m
  [1m[36mActiveRecord::InternalMetadata Create (0.2ms)[0m  [1m[32mINSERT INTO "ar_internal_metadata" ("key", "value", "created_at", "updated_at") VALUES (?, ?, ?, ?)[0m  [["key", "environment"], ["value", "development"], ["created_at", "2022-09-21 14:22:24.831052"], ["updated_at", "2022-09-21 14:22:24.831052"]]
  [1m[36mTRANSACTION (45.7ms)[0m  [1m[36mcommit transaction[0m
  [1m[36mActiveRecord::SchemaMigration Pluck (0.2ms)[0m  [1m[34mSELECT "schema_migrations"."version" FROM "schema_migrations" ORDER BY "schema_migrations"."version" ASC[0m
  [1m[36mTRANSACTION (0.1ms)[0m  [1m[36mbegin transaction[0m
  [1m[36mArticle Create (0.3ms)[0m  [1m[32mINSERT INTO "articles" ("title", "body", "created_at", "updated_at") VALUES (?, ?, ?, ?)[0m  [["title", "Hello Rails"], ["body", "I am on Rails!"], ["created_at", "2022-09-21 14:26:42.279093"], ["updated_at", "2022-09-21 14:26:42.279093"]]
  [1m[36mTRANSACTION (72.2ms)[0m  [1m[36mcommit transaction[0m
Started GET "/" for ::1 at 2022-09-21 09:43:18 -0500
  [1m[36mActiveRecord::SchemaMigration Pluck (0.4ms)[0m  [1m[34mSELECT "schema_migrations"."version" FROM "schema_migrations" ORDER BY "schema_migrations"."version" ASC[0m
Processing by ArticlesController#index as HTML
  Rendering layout layouts/application.html.erb
  Rendering articles/index.html.erb within layouts/application
  [1m[36mArticle Load (0.1ms)[0m  [1m[34mSELECT "articles".* FROM "articles"[0m
  ↳ app/views/articles/index.html.erb:4
  Rendered articles/index.html.erb within layouts/application (Duration: 14.7ms | Allocations: 15795)
  Rendered layout layouts/application.html.erb (Duration: 29.1ms | Allocations: 29840)
Completed 200 OK in 32ms (Views: 29.8ms | ActiveRecord: 0.5ms | Allocations: 31116)


Started GET "/articles/1" for ::1 at 2022-09-21 10:13:18 -0500
Processing by ArticlesController#show as HTML
  Parameters: {"id"=>"1"}
  [1m[36mArticle Load (0.2ms)[0m  [1m[34mSELECT "articles".* FROM "articles" WHERE "articles"."id" = ? LIMIT ?[0m  [["id", 1], ["LIMIT", 1]]
  ↳ app/controllers/articles_controller.rb:7:in `show'
  Rendering layout layouts/application.html.erb
  Rendering articles/show.html.erb within layouts/application
  Rendered articles/show.html.erb within layouts/application (Duration: 0.5ms | Allocations: 141)
  Rendered layout layouts/application.html.erb (Duration: 12.4ms | Allocations: 14265)
Completed 200 OK in 23ms (Views: 14.0ms | ActiveRecord: 0.9ms | Allocations: 18777)


Started GET "/" for ::1 at 2022-09-21 10:13:49 -0500
Processing by ArticlesController#index as HTML
  Rendering layout layouts/application.html.erb
  Rendering articles/index.html.erb within layouts/application
  [1m[36mArticle Load (0.3ms)[0m  [1m[34mSELECT "articles".* FROM "articles"[0m
  ↳ app/views/articles/index.html.erb:4
  Rendered articles/index.html.erb within layouts/application (Duration: 4.0ms | Allocations: 708)
  Rendered layout layouts/application.html.erb (Duration: 10.6ms | Allocations: 3025)
Completed 200 OK in 12ms (Views: 11.2ms | ActiveRecord: 0.3ms | Allocations: 3337)


Started GET "/" for ::1 at 2022-09-21 10:13:50 -0500
Processing by ArticlesController#index as HTML
  Rendering layout layouts/application.html.erb
  Rendering articles/index.html.erb within layouts/application
  [1m[36mArticle Load (0.2ms)[0m  [1m[34mSELECT "articles".* FROM "articles"[0m
  ↳ app/views/articles/index.html.erb:4
  Rendered articles/index.html.erb within layouts/application (Duration: 2.5ms | Allocations: 507)
  Rendered layout layouts/application.html.erb (Duration: 7.8ms | Allocations: 2813)
Completed 200 OK in 9ms (Views: 8.3ms | ActiveRecord: 0.2ms | Allocations: 3068)


Started GET "/" for ::1 at 2022-09-21 10:13:51 -0500
Processing by ArticlesController#index as HTML
  Rendering layout layouts/application.html.erb
  Rendering articles/index.html.erb within layouts/application
  [1m[36mArticle Load (0.2ms)[0m  [1m[34mSELECT "articles".* FROM "articles"[0m
  ↳ app/views/articles/index.html.erb:4
  Rendered articles/index.html.erb within layouts/application (Duration: 2.1ms | Allocations: 514)
  Rendered layout layouts/application.html.erb (Duration: 6.2ms | Allocations: 2827)
Completed 200 OK in 7ms (Views: 6.6ms | ActiveRecord: 0.2ms | Allocations: 3089)


Started GET "/articles/1" for ::1 at 2022-09-21 10:16:36 -0500
Processing by ArticlesController#show as HTML
  Parameters: {"id"=>"1"}
  [1m[36mArticle Load (0.2ms)[0m  [1m[34mSELECT "articles".* FROM "articles" WHERE "articles"."id" = ? LIMIT ?[0m  [["id", 1], ["LIMIT", 1]]
  ↳ app/controllers/articles_controller.rb:7:in `show'
  Rendering layout layouts/application.html.erb
  Rendering articles/show.html.erb within layouts/application
  Rendered articles/show.html.erb within layouts/application (Duration: 0.5ms | Allocations: 134)
  Rendered layout layouts/application.html.erb (Duration: 3.2ms | Allocations: 2654)
Completed 200 OK in 9ms (Views: 5.2ms | ActiveRecord: 0.2ms | Allocations: 3978)


Started GET "/" for ::1 at 2022-09-21 10:16:39 -0500
Processing by ArticlesController#index as HTML
  Rendering layout layouts/application.html.erb
  Rendering articles/index.html.erb within layouts/application
  [1m[36mArticle Load (0.2ms)[0m  [1m[34mSELECT "articles".* FROM "articles"[0m
  ↳ app/views/articles/index.html.erb:4
  Rendered articles/index.html.erb within layouts/application (Duration: 3.1ms | Allocations: 699)
  Rendered layout layouts/application.html.erb (Duration: 8.2ms | Allocations: 3026)
Completed 200 OK in 10ms (Views: 8.9ms | ActiveRecord: 0.2ms | Allocations: 3334)


Started GET "/articles/1" for ::1 at 2022-09-21 10:16:42 -0500
Processing by ArticlesController#show as HTML
  Parameters: {"id"=>"1"}
  [1m[36mArticle Load (0.2ms)[0m  [1m[34mSELECT "articles".* FROM "articles" WHERE "articles"."id" = ? LIMIT ?[0m  [["id", 1], ["LIMIT", 1]]
  ↳ app/controllers/articles_controller.rb:7:in `show'
  Rendering layout layouts/application.html.erb
  Rendering articles/show.html.erb within layouts/application
  Rendered articles/show.html.erb within layouts/application (Duration: 0.1ms | Allocations: 11)
  Rendered layout layouts/application.html.erb (Duration: 2.8ms | Allocations: 2321)
Completed 200 OK in 6ms (Views: 3.6ms | ActiveRecord: 0.2ms | Allocations: 2999)


Started GET "/" for ::1 at 2022-09-21 10:24:16 -0500
Processing by ArticlesController#index as HTML
  Rendering layout layouts/application.html.erb
  Rendering articles/index.html.erb within layouts/application
  [1m[36mArticle Load (0.1ms)[0m  [1m[34mSELECT "articles".* FROM "articles"[0m
  ↳ app/views/articles/index.html.erb:4
  Rendered articles/index.html.erb within layouts/application (Duration: 3.1ms | Allocations: 1686)
  Rendered layout layouts/application.html.erb (Duration: 14.7ms | Allocations: 15595)
Completed 200 OK in 17ms (Views: 15.7ms | ActiveRecord: 0.3ms | Allocations: 16585)


Started GET "/" for ::1 at 2022-09-21 10:24:18 -0500
Processing by ArticlesController#index as HTML
  Rendering layout layouts/application.html.erb
  Rendering articles/index.html.erb within layouts/application
  [1m[36mArticle Load (0.2ms)[0m  [1m[34mSELECT "articles".* FROM "articles"[0m
  ↳ app/views/articles/index.html.erb:4
  Rendered articles/index.html.erb within layouts/application (Duration: 2.2ms | Allocations: 509)
  Rendered layout layouts/application.html.erb (Duration: 6.7ms | Allocations: 2835)
Completed 200 OK in 8ms (Views: 7.3ms | ActiveRecord: 0.2ms | Allocations: 3089)


Started GET "/" for ::1 at 2022-09-21 10:24:20 -0500
Processing by ArticlesController#index as HTML
  Rendering layout layouts/application.html.erb
  Rendering articles/index.html.erb within layouts/application
  [1m[36mArticle Load (0.2ms)[0m  [1m[34mSELECT "articles".* FROM "articles"[0m
  ↳ app/views/articles/index.html.erb:4
  Rendered articles/index.html.erb within layouts/application (Duration: 1.5ms | Allocations: 509)
  Rendered layout layouts/application.html.erb (Duration: 4.3ms | Allocations: 2817)
Completed 200 OK in 6ms (Views: 4.9ms | ActiveRecord: 0.2ms | Allocations: 3072)


Started GET "/" for ::1 at 2022-09-21 10:24:24 -0500
Processing by ArticlesController#index as HTML
  Rendering layout layouts/application.html.erb
  Rendering articles/index.html.erb within layouts/application
  [1m[36mArticle Load (0.1ms)[0m  [1m[34mSELECT "articles".* FROM "articles"[0m
  ↳ app/views/articles/index.html.erb:4
  Rendered articles/index.html.erb within layouts/application (Duration: 1.2ms | Allocations: 509)
  Rendered layout layouts/application.html.erb (Duration: 3.5ms | Allocations: 2831)
Completed 200 OK in 5ms (Views: 4.0ms | ActiveRecord: 0.1ms | Allocations: 3085)


Started GET "/" for ::1 at 2022-09-21 10:44:46 -0500
Processing by ArticlesController#index as HTML
  Rendering layout layouts/application.html.erb
  Rendering articles/index.html.erb within layouts/application
  [1m[36mArticle Load (0.2ms)[0m  [1m[34mSELECT "articles".* FROM "articles"[0m
  ↳ app/views/articles/index.html.erb:4
  Rendered articles/index.html.erb within layouts/application (Duration: 4.5ms | Allocations: 885)
  Rendered layout layouts/application.html.erb (Duration: 9.9ms | Allocations: 3419)
Completed 200 OK in 14ms (Views: 12.7ms | ActiveRecord: 0.8ms | Allocations: 4322)


Started GET "/" for ::1 at 2022-09-21 10:44:47 -0500
Processing by ArticlesController#index as HTML
  Rendering layout layouts/application.html.erb
  Rendering articles/index.html.erb within layouts/application
  [1m[36mArticle Load (0.1ms)[0m  [1m[34mSELECT "articles".* FROM "articles"[0m
  ↳ app/views/articles/index.html.erb:4
  Rendered articles/index.html.erb within layouts/application (Duration: 1.9ms | Allocations: 556)
  Rendered layout layouts/application.html.erb (Duration: 6.8ms | Allocations: 2871)
Completed 200 OK in 8ms (Views: 7.5ms | ActiveRecord: 0.1ms | Allocations: 3127)


Started GET "/" for ::1 at 2022-09-21 10:59:15 -0500
Processing by ArticlesController#index as HTML
  Rendering layout layouts/application.html.erb
  Rendering articles/index.html.erb within layouts/application
  [1m[36mArticle Load (0.1ms)[0m  [1m[34mSELECT "articles".* FROM "articles"[0m
  ↳ app/views/articles/index.html.erb:4
  Rendered articles/index.html.erb within layouts/application (Duration: 3.8ms | Allocations: 1925)
  Rendered layout layouts/application.html.erb (Duration: 14.8ms | Allocations: 16043)
Completed 200 OK in 18ms (Views: 16.0ms | ActiveRecord: 0.4ms | Allocations: 17307)


Started GET "/" for ::1 at 2022-09-21 10:59:17 -0500
Processing by ArticlesController#index as HTML
  Rendering layout layouts/application.html.erb
  Rendering articles/index.html.erb within layouts/application
  [1m[36mArticle Load (0.2ms)[0m  [1m[34mSELECT "articles".* FROM "articles"[0m
  ↳ app/views/articles/index.html.erb:4
  Rendered articles/index.html.erb within layouts/application (Duration: 2.3ms | Allocations: 556)
  Rendered layout layouts/application.html.erb (Duration: 6.2ms | Allocations: 2869)
Completed 200 OK in 8ms (Views: 7.0ms | ActiveRecord: 0.2ms | Allocations: 3124)


Started GET "/articles/new" for ::1 at 2022-09-21 11:07:17 -0500
Processing by ArticlesController#new as HTML
  Rendering layout layouts/application.html.erb
  Rendering articles/new.html.erb within layouts/application
  Rendered articles/new.html.erb within layouts/application (Duration: 12.5ms | Allocations: 4988)
  Rendered layout layouts/application.html.erb (Duration: 25.4ms | Allocations: 18967)
Completed 200 OK in 32ms (Views: 26.9ms | ActiveRecord: 0.3ms | Allocations: 21534)


Started GET "/articles" for ::1 at 2022-09-21 11:08:55 -0500
Processing by ArticlesController#index as HTML
  Rendering layout layouts/application.html.erb
  Rendering articles/index.html.erb within layouts/application
  [1m[36mArticle Load (0.3ms)[0m  [1m[34mSELECT "articles".* FROM "articles"[0m
  ↳ app/views/articles/index.html.erb:4
  Rendered articles/index.html.erb within layouts/application (Duration: 3.4ms | Allocations: 806)
  Rendered layout layouts/application.html.erb (Duration: 7.3ms | Allocations: 3339)
Completed 200 OK in 11ms (Views: 9.3ms | ActiveRecord: 0.3ms | Allocations: 4265)


Started GET "/articles/1/edit" for ::1 at 2022-09-21 11:21:30 -0500
Processing by ArticlesController#edit as HTML
  Parameters: {"id"=>"1"}
  [1m[36mArticle Load (0.1ms)[0m  [1m[34mSELECT "articles".* FROM "articles" WHERE "articles"."id" = ? LIMIT ?[0m  [["id", 1], ["LIMIT", 1]]
  ↳ app/controllers/articles_controller.rb:25:in `edit'
  Rendering layout layouts/application.html.erb
  Rendering articles/edit.html.erb within layouts/application
  Rendered articles/_form.html.erb (Duration: 2.5ms | Allocations: 1418)
  Rendered articles/edit.html.erb within layouts/application (Duration: 3.2ms | Allocations: 1646)
  Rendered layout layouts/application.html.erb (Duration: 13.5ms | Allocations: 15601)
Completed 200 OK in 21ms (Views: 15.0ms | ActiveRecord: 0.5ms | Allocations: 19082)


Started GET "/articles" for ::1 at 2022-09-21 11:28:58 -0500
Processing by ArticlesController#index as HTML
  Rendering layout layouts/application.html.erb
  Rendering articles/index.html.erb within layouts/application
  [1m[36mArticle Load (0.1ms)[0m  [1m[34mSELECT "articles".* FROM "articles"[0m
  ↳ app/views/articles/index.html.erb:4
  Rendered articles/index.html.erb within layouts/application (Duration: 3.5ms | Allocations: 1950)
  Rendered layout layouts/application.html.erb (Duration: 21.1ms | Allocations: 15985)
Completed 200 OK in 24ms (Views: 22.4ms | ActiveRecord: 0.3ms | Allocations: 17389)


Started GET "/articles/1" for ::1 at 2022-09-21 11:29:00 -0500
Processing by ArticlesController#show as HTML
  Parameters: {"id"=>"1"}
  [1m[36mArticle Load (0.2ms)[0m  [1m[34mSELECT "articles".* FROM "articles" WHERE "articles"."id" = ? LIMIT ?[0m  [["id", 1], ["LIMIT", 1]]
  ↳ app/controllers/articles_controller.rb:7:in `show'
  Rendering layout layouts/application.html.erb
  Rendering articles/show.html.erb within layouts/application
  Rendered articles/show.html.erb within layouts/application (Duration: 1.0ms | Allocations: 302)
  Rendered layout layouts/application.html.erb (Duration: 3.8ms | Allocations: 2612)
Completed 200 OK in 6ms (Views: 4.2ms | ActiveRecord: 0.2ms | Allocations: 3902)


Started DELETE "/articles/1" for ::1 at 2022-09-21 11:29:05 -0500
Processing by ArticlesController#destroy as TURBO_STREAM
  Parameters: {"id"=>"1"}
  [1m[36mArticle Load (0.1ms)[0m  [1m[34mSELECT "articles".* FROM "articles" WHERE "articles"."id" = ? LIMIT ?[0m  [["id", 1], ["LIMIT", 1]]
  ↳ app/controllers/articles_controller.rb:39:in `destroy'
  [1m[36mTRANSACTION (0.1ms)[0m  [1m[36mbegin transaction[0m
  ↳ app/controllers/articles_controller.rb:40:in `destroy'
  [1m[36mArticle Destroy (0.2ms)[0m  [1m[31mDELETE FROM "articles" WHERE "articles"."id" = ?[0m  [["id", 1]]
  ↳ app/controllers/articles_controller.rb:40:in `destroy'
  [1m[36mTRANSACTION (147.8ms)[0m  [1m[36mcommit transaction[0m
  ↳ app/controllers/articles_controller.rb:40:in `destroy'
Redirected to http://localhost:3000/
Completed 303 See Other in 154ms (ActiveRecord: 148.2ms | Allocations: 2163)


Started GET "/" for ::1 at 2022-09-21 11:29:05 -0500
Processing by ArticlesController#index as TURBO_STREAM
  Rendering layout layouts/application.html.erb
  Rendering articles/index.html.erb within layouts/application
  [1m[36mArticle Load (0.2ms)[0m  [1m[34mSELECT "articles".* FROM "articles"[0m
  ↳ app/views/articles/index.html.erb:4
  Rendered articles/index.html.erb within layouts/application (Duration: 1.8ms | Allocations: 524)
  Rendered layout layouts/application.html.erb (Duration: 7.0ms | Allocations: 2853)
Completed 200 OK in 9ms (Views: 7.7ms | ActiveRecord: 0.2ms | Allocations: 3160)


Started GET "/articles/new" for ::1 at 2022-09-21 11:29:07 -0500
Processing by ArticlesController#new as HTML
  Rendering layout layouts/application.html.erb
  Rendering articles/new.html.erb within layouts/application
  Rendered articles/_form.html.erb (Duration: 2.3ms | Allocations: 1319)
  Rendered articles/new.html.erb within layouts/application (Duration: 3.0ms | Allocations: 1544)
  Rendered layout layouts/application.html.erb (Duration: 5.3ms | Allocations: 3722)
Completed 200 OK in 6ms (Views: 5.7ms | ActiveRecord: 0.0ms | Allocations: 4032)


Started POST "/articles" for ::1 at 2022-09-21 11:29:15 -0500
Processing by ArticlesController#create as TURBO_STREAM
  Parameters: {"authenticity_token"=>"[FILTERED]", "article"=>{"title"=>"Luis", "body"=>"27"}, "commit"=>"Create Article"}
  Rendering layout layouts/application.html.erb
  Rendering articles/new.html.erb within layouts/application
  Rendered articles/_form.html.erb (Duration: 3.7ms | Allocations: 1961)
  Rendered articles/new.html.erb within layouts/application (Duration: 4.0ms | Allocations: 2065)
  Rendered layout layouts/application.html.erb (Duration: 6.6ms | Allocations: 4221)
Completed 422 Unprocessable Entity in 10ms (Views: 7.6ms | ActiveRecord: 0.0ms | Allocations: 5281)


Started POST "/articles" for ::1 at 2022-09-21 11:29:38 -0500
Processing by ArticlesController#create as TURBO_STREAM
  Parameters: {"authenticity_token"=>"[FILTERED]", "article"=>{"title"=>"Luis", "body"=>"He is 27 years old"}, "commit"=>"Create Article"}
  Rendering layout layouts/application.html.erb
  Rendering articles/new.html.erb within layouts/application
  Rendered articles/_form.html.erb (Duration: 4.0ms | Allocations: 1893)
  Rendered articles/new.html.erb within layouts/application (Duration: 4.3ms | Allocations: 1950)
  Rendered layout layouts/application.html.erb (Duration: 7.0ms | Allocations: 4106)
Completed 422 Unprocessable Entity in 10ms (Views: 7.7ms | ActiveRecord: 0.0ms | Allocations: 5084)


Started POST "/articles" for ::1 at 2022-09-21 11:30:08 -0500
Processing by ArticlesController#create as TURBO_STREAM
  Parameters: {"authenticity_token"=>"[FILTERED]", "article"=>{"title"=>"Luis", "body"=>"Magister in chemical engineering"}, "commit"=>"Create Article"}
  Rendering layout layouts/application.html.erb
  Rendering articles/new.html.erb within layouts/application
  Rendered articles/_form.html.erb (Duration: 2.9ms | Allocations: 1893)
  Rendered articles/new.html.erb within layouts/application (Duration: 3.1ms | Allocations: 1950)
  Rendered layout layouts/application.html.erb (Duration: 5.7ms | Allocations: 4106)
Completed 422 Unprocessable Entity in 8ms (Views: 6.4ms | ActiveRecord: 0.0ms | Allocations: 5068)


Started POST "/articles" for ::1 at 2022-09-21 11:32:05 -0500
Processing by ArticlesController#create as TURBO_STREAM
  Parameters: {"authenticity_token"=>"[FILTERED]", "article"=>{"title"=>"Luis", "body"=>"a b c d e f g h i j k l"}, "commit"=>"Create Article"}
  Rendering layout layouts/application.html.erb
  Rendering articles/new.html.erb within layouts/application
  Rendered articles/_form.html.erb (Duration: 4.6ms | Allocations: 1893)
  Rendered articles/new.html.erb within layouts/application (Duration: 4.9ms | Allocations: 1950)
  Rendered layout layouts/application.html.erb (Duration: 8.3ms | Allocations: 4106)
Completed 422 Unprocessable Entity in 12ms (Views: 9.1ms | ActiveRecord: 0.0ms | Allocations: 5076)


Started POST "/articles" for ::1 at 2022-09-21 11:33:20 -0500
Processing by ArticlesController#create as TURBO_STREAM
  Parameters: {"authenticity_token"=>"[FILTERED]", "article"=>{"title"=>"Luis", "body"=>"abcdefghijklm"}, "commit"=>"Create Article"}
  Rendering layout layouts/application.html.erb
  Rendering articles/new.html.erb within layouts/application
  Rendered articles/_form.html.erb (Duration: 2.7ms | Allocations: 1893)
  Rendered articles/new.html.erb within layouts/application (Duration: 2.9ms | Allocations: 1950)
  Rendered layout layouts/application.html.erb (Duration: 5.4ms | Allocations: 4106)
Completed 422 Unprocessable Entity in 8ms (Views: 6.0ms | ActiveRecord: 0.0ms | Allocations: 5071)


Started GET "/articles" for ::1 at 2022-09-21 11:43:10 -0500
Processing by ArticlesController#index as HTML
  Rendering layout layouts/application.html.erb
  Rendering articles/index.html.erb within layouts/application
  [1m[36mArticle Load (0.1ms)[0m  [1m[34mSELECT "articles".* FROM "articles"[0m
  ↳ app/views/articles/index.html.erb:4
  Rendered articles/index.html.erb within layouts/application (Duration: 2.3ms | Allocations: 666)
  Rendered layout layouts/application.html.erb (Duration: 4.7ms | Allocations: 2990)
Completed 200 OK in 6ms (Views: 5.6ms | ActiveRecord: 0.5ms | Allocations: 3245)


Started GET "/articles/new" for ::1 at 2022-09-21 11:43:12 -0500
Processing by ArticlesController#new as HTML
  Rendering layout layouts/application.html.erb
  Rendering articles/new.html.erb within layouts/application
  Rendered articles/_form.html.erb (Duration: 2.7ms | Allocations: 976)
  Rendered articles/new.html.erb within layouts/application (Duration: 3.1ms | Allocations: 1030)
  Rendered layout layouts/application.html.erb (Duration: 8.8ms | Allocations: 3194)
Completed 200 OK in 10ms (Views: 9.6ms | ActiveRecord: 0.0ms | Allocations: 3451)


Started POST "/articles" for ::1 at 2022-09-21 11:43:23 -0500
Processing by ArticlesController#create as TURBO_STREAM
  Parameters: {"authenticity_token"=>"[FILTERED]", "article"=>{"title"=>"Carlos", "body"=>"jvnrobnortnbortnvojtnrbotnbotnbonbojyb"}, "commit"=>"Create Article"}
  Rendering layout layouts/application.html.erb
  Rendering articles/new.html.erb within layouts/application
  Rendered articles/_form.html.erb (Duration: 4.7ms | Allocations: 1893)
  Rendered articles/new.html.erb within layouts/application (Duration: 5.0ms | Allocations: 1950)
  Rendered layout layouts/application.html.erb (Duration: 7.7ms | Allocations: 4113)
Completed 422 Unprocessable Entity in 11ms (Views: 8.7ms | ActiveRecord: 0.0ms | Allocations: 5082)


Started GET "/articles/new" for ::1 at 2022-09-21 11:43:50 -0500
Processing by ArticlesController#new as HTML
  Rendering layout layouts/application.html.erb
  Rendering articles/new.html.erb within layouts/application
  Rendered articles/_form.html.erb (Duration: 1.7ms | Allocations: 999)
  Rendered articles/new.html.erb within layouts/application (Duration: 1.9ms | Allocations: 1053)
  Rendered layout layouts/application.html.erb (Duration: 12.8ms | Allocations: 14834)
Completed 200 OK in 19ms (Views: 13.9ms | ActiveRecord: 0.6ms | Allocations: 17475)


Started POST "/articles" for ::1 at 2022-09-21 11:43:57 -0500
Processing by ArticlesController#create as TURBO_STREAM
  Parameters: {"authenticity_token"=>"[FILTERED]", "article"=>{"title"=>"Luis", "body"=>"27"}, "commit"=>"Create Article"}
  [1m[36mTRANSACTION (0.1ms)[0m  [1m[36mbegin transaction[0m
  ↳ app/controllers/articles_controller.rb:17:in `create'
  [1m[36mArticle Create (0.3ms)[0m  [1m[32mINSERT INTO "articles" ("title", "body", "created_at", "updated_at") VALUES (?, ?, ?, ?)[0m  [["title", "..."], ["body", "..."], ["created_at", "2022-09-21 16:43:57.241610"], ["updated_at", "2022-09-21 16:43:57.241610"]]
  ↳ app/controllers/articles_controller.rb:17:in `create'
  [1m[36mTRANSACTION (328.2ms)[0m  [1m[36mcommit transaction[0m
  ↳ app/controllers/articles_controller.rb:17:in `create'
Redirected to http://localhost:3000/articles/2
Completed 302 Found in 335ms (ActiveRecord: 328.6ms | Allocations: 2634)


Started GET "/articles/2" for ::1 at 2022-09-21 11:43:57 -0500
Processing by ArticlesController#show as TURBO_STREAM
  Parameters: {"id"=>"2"}
  [1m[36mArticle Load (0.3ms)[0m  [1m[34mSELECT "articles".* FROM "articles" WHERE "articles"."id" = ? LIMIT ?[0m  [["id", 2], ["LIMIT", 1]]
  ↳ app/controllers/articles_controller.rb:7:in `show'
  Rendering layout layouts/application.html.erb
  Rendering articles/show.html.erb within layouts/application
  Rendered articles/show.html.erb within layouts/application (Duration: 0.5ms | Allocations: 110)
  Rendered layout layouts/application.html.erb (Duration: 5.2ms | Allocations: 2417)
Completed 200 OK in 9ms (Views: 5.9ms | ActiveRecord: 0.3ms | Allocations: 3681)


Started DELETE "/articles/2" for ::1 at 2022-09-21 11:44:08 -0500
Processing by ArticlesController#destroy as TURBO_STREAM
  Parameters: {"id"=>"2"}
  [1m[36mArticle Load (0.2ms)[0m  [1m[34mSELECT "articles".* FROM "articles" WHERE "articles"."id" = ? LIMIT ?[0m  [["id", 2], ["LIMIT", 1]]
  ↳ app/controllers/articles_controller.rb:39:in `destroy'
  [1m[36mTRANSACTION (0.1ms)[0m  [1m[36mbegin transaction[0m
  ↳ app/controllers/articles_controller.rb:40:in `destroy'
  [1m[36mArticle Destroy (0.2ms)[0m  [1m[31mDELETE FROM "articles" WHERE "articles"."id" = ?[0m  [["id", 2]]
  ↳ app/controllers/articles_controller.rb:40:in `destroy'
  [1m[36mTRANSACTION (111.0ms)[0m  [1m[36mcommit transaction[0m
  ↳ app/controllers/articles_controller.rb:40:in `destroy'
Redirected to http://localhost:3000/
Completed 303 See Other in 118ms (ActiveRecord: 111.5ms | Allocations: 2081)


Started GET "/" for ::1 at 2022-09-21 11:44:08 -0500
Processing by ArticlesController#index as TURBO_STREAM
  Rendering layout layouts/application.html.erb
  Rendering articles/index.html.erb within layouts/application
  [1m[36mArticle Load (0.3ms)[0m  [1m[34mSELECT "articles".* FROM "articles"[0m
  ↳ app/views/articles/index.html.erb:4
  Rendered articles/index.html.erb within layouts/application (Duration: 2.1ms | Allocations: 550)
  Rendered layout layouts/application.html.erb (Duration: 5.1ms | Allocations: 2871)
Completed 200 OK in 7ms (Views: 5.6ms | ActiveRecord: 0.3ms | Allocations: 3130)


Started GET "/articles/new" for ::1 at 2022-09-21 11:53:43 -0500
Processing by ArticlesController#new as HTML
  Rendering layout layouts/application.html.erb
  Rendering articles/new.html.erb within layouts/application
  Rendered articles/_form.html.erb (Duration: 1.7ms | Allocations: 986)
  Rendered articles/new.html.erb within layouts/application (Duration: 1.8ms | Allocations: 1040)
  Rendered layout layouts/application.html.erb (Duration: 4.1ms | Allocations: 3204)
Completed 200 OK in 5ms (Views: 4.7ms | Allocations: 3461)


Started GET "/articles/new" for ::1 at 2022-09-21 11:54:48 -0500
Processing by ArticlesController#new as HTML
  Rendering layout layouts/application.html.erb
  Rendering articles/new.html.erb within layouts/application
  Rendered articles/_form.html.erb (Duration: 1.9ms | Allocations: 1001)
  Rendered articles/new.html.erb within layouts/application (Duration: 2.1ms | Allocations: 1055)
  Rendered layout layouts/application.html.erb (Duration: 12.7ms | Allocations: 14834)
Completed 200 OK in 19ms (Views: 14.2ms | ActiveRecord: 0.3ms | Allocations: 17067)


Started POST "/articles" for ::1 at 2022-09-21 11:55:02 -0500
Processing by ArticlesController#create as TURBO_STREAM
  Parameters: {"authenticity_token"=>"[FILTERED]", "article"=>{"title"=>"Luis", "body"=>"He is 27 years old"}, "commit"=>"Create Article"}
  [1m[36mTRANSACTION (0.1ms)[0m  [1m[36mbegin transaction[0m
  ↳ app/controllers/articles_controller.rb:17:in `create'
  [1m[36mArticle Create (0.3ms)[0m  [1m[32mINSERT INTO "articles" ("title", "body", "created_at", "updated_at") VALUES (?, ?, ?, ?)[0m  [["title", "Luis"], ["body", "He is 27 years old"], ["created_at", "2022-09-21 16:55:02.048489"], ["updated_at", "2022-09-21 16:55:02.048489"]]
  ↳ app/controllers/articles_controller.rb:17:in `create'
  [1m[36mTRANSACTION (237.6ms)[0m  [1m[36mcommit transaction[0m
  ↳ app/controllers/articles_controller.rb:17:in `create'
Redirected to http://localhost:3000/articles/3
Completed 302 Found in 245ms (ActiveRecord: 238.1ms | Allocations: 2100)


Started GET "/articles/3" for ::1 at 2022-09-21 11:55:02 -0500
Processing by ArticlesController#show as TURBO_STREAM
  Parameters: {"id"=>"3"}
  [1m[36mArticle Load (0.2ms)[0m  [1m[34mSELECT "articles".* FROM "articles" WHERE "articles"."id" = ? LIMIT ?[0m  [["id", 3], ["LIMIT", 1]]
  ↳ app/controllers/articles_controller.rb:7:in `show'
  Rendering layout layouts/application.html.erb
  Rendering articles/show.html.erb within layouts/application
  Rendered articles/show.html.erb within layouts/application (Duration: 0.5ms | Allocations: 110)
  Rendered layout layouts/application.html.erb (Duration: 5.0ms | Allocations: 2414)
Completed 200 OK in 9ms (Views: 5.7ms | ActiveRecord: 0.2ms | Allocations: 3681)


Started GET "/articles" for ::1 at 2022-09-21 11:55:07 -0500
Processing by ArticlesController#index as HTML
  Rendering layout layouts/application.html.erb
  Rendering articles/index.html.erb within layouts/application
  [1m[36mArticle Load (0.2ms)[0m  [1m[34mSELECT "articles".* FROM "articles"[0m
  ↳ app/views/articles/index.html.erb:4
  Rendered articles/index.html.erb within layouts/application (Duration: 2.4ms | Allocations: 604)
  Rendered layout layouts/application.html.erb (Duration: 8.0ms | Allocations: 2919)
Completed 200 OK in 10ms (Views: 8.5ms | ActiveRecord: 0.2ms | Allocations: 3173)


Started GET "/articles/new" for ::1 at 2022-09-21 11:55:10 -0500
Processing by ArticlesController#new as HTML
  Rendering layout layouts/application.html.erb
  Rendering articles/new.html.erb within layouts/application
  Rendered articles/_form.html.erb (Duration: 1.6ms | Allocations: 992)
  Rendered articles/new.html.erb within layouts/application (Duration: 1.8ms | Allocations: 1046)
  Rendered layout layouts/application.html.erb (Duration: 4.3ms | Allocations: 3210)
Completed 200 OK in 5ms (Views: 4.8ms | ActiveRecord: 0.0ms | Allocations: 3467)


Started POST "/articles" for ::1 at 2022-09-21 11:55:22 -0500
Processing by ArticlesController#create as TURBO_STREAM
  Parameters: {"authenticity_token"=>"[FILTERED]", "article"=>{"title"=>"Laura", "body"=>"She is 27 years old"}, "commit"=>"Create Article"}
  [1m[36mTRANSACTION (0.2ms)[0m  [1m[36mbegin transaction[0m
  ↳ app/controllers/articles_controller.rb:17:in `create'
  [1m[36mArticle Create (0.2ms)[0m  [1m[32mINSERT INTO "articles" ("title", "body", "created_at", "updated_at") VALUES (?, ?, ?, ?)[0m  [["title", "Laura"], ["body", "She is 27 years old"], ["created_at", "2022-09-21 16:55:22.914743"], ["updated_at", "2022-09-21 16:55:22.914743"]]
  ↳ app/controllers/articles_controller.rb:17:in `create'
  [1m[36mTRANSACTION (245.8ms)[0m  [1m[36mcommit transaction[0m
  ↳ app/controllers/articles_controller.rb:17:in `create'
Redirected to http://localhost:3000/articles/4
Completed 302 Found in 252ms (ActiveRecord: 246.2ms | Allocations: 2023)


Started GET "/articles/4" for ::1 at 2022-09-21 11:55:23 -0500
Processing by ArticlesController#show as TURBO_STREAM
  Parameters: {"id"=>"4"}
  [1m[36mArticle Load (0.1ms)[0m  [1m[34mSELECT "articles".* FROM "articles" WHERE "articles"."id" = ? LIMIT ?[0m  [["id", 4], ["LIMIT", 1]]
  ↳ app/controllers/articles_controller.rb:7:in `show'
  Rendering layout layouts/application.html.erb
  Rendering articles/show.html.erb within layouts/application
  Rendered articles/show.html.erb within layouts/application (Duration: 0.4ms | Allocations: 106)
  Rendered layout layouts/application.html.erb (Duration: 4.7ms | Allocations: 2415)
Completed 200 OK in 7ms (Views: 5.4ms | ActiveRecord: 0.1ms | Allocations: 3094)


Started GET "/articles" for ::1 at 2022-09-21 11:55:28 -0500
Processing by ArticlesController#index as HTML
  Rendering layout layouts/application.html.erb
  Rendering articles/index.html.erb within layouts/application
  [1m[36mArticle Load (0.2ms)[0m  [1m[34mSELECT "articles".* FROM "articles"[0m
  ↳ app/views/articles/index.html.erb:4
  Rendered articles/index.html.erb within layouts/application (Duration: 3.0ms | Allocations: 622)
  Rendered layout layouts/application.html.erb (Duration: 8.8ms | Allocations: 2937)
Completed 200 OK in 11ms (Views: 9.5ms | ActiveRecord: 0.2ms | Allocations: 3192)


Started GET "/articles/new" for ::1 at 2022-09-21 11:55:29 -0500
Processing by ArticlesController#new as HTML
  Rendering layout layouts/application.html.erb
  Rendering articles/new.html.erb within layouts/application
  Rendered articles/_form.html.erb (Duration: 2.5ms | Allocations: 986)
  Rendered articles/new.html.erb within layouts/application (Duration: 2.8ms | Allocations: 1040)
  Rendered layout layouts/application.html.erb (Duration: 5.2ms | Allocations: 3206)
Completed 200 OK in 7ms (Views: 5.9ms | ActiveRecord: 0.0ms | Allocations: 3463)


Started POST "/articles" for ::1 at 2022-09-21 11:55:42 -0500
Processing by ArticlesController#create as TURBO_STREAM
  Parameters: {"authenticity_token"=>"[FILTERED]", "article"=>{"title"=>"Juan", "body"=>"He is 32 years old"}, "commit"=>"Create Article"}
  [1m[36mTRANSACTION (0.1ms)[0m  [1m[36mbegin transaction[0m
  ↳ app/controllers/articles_controller.rb:17:in `create'
  [1m[36mArticle Create (0.2ms)[0m  [1m[32mINSERT INTO "articles" ("title", "body", "created_at", "updated_at") VALUES (?, ?, ?, ?)[0m  [["title", "Juan"], ["body", "He is 32 years old"], ["created_at", "2022-09-21 16:55:42.295153"], ["updated_at", "2022-09-21 16:55:42.295153"]]
  ↳ app/controllers/articles_controller.rb:17:in `create'
  [1m[36mTRANSACTION (272.6ms)[0m  [1m[36mcommit transaction[0m
  ↳ app/controllers/articles_controller.rb:17:in `create'
Redirected to http://localhost:3000/articles/5
Completed 302 Found in 277ms (ActiveRecord: 272.8ms | Allocations: 2022)


Started GET "/articles/5" for ::1 at 2022-09-21 11:55:42 -0500
Processing by ArticlesController#show as TURBO_STREAM
  Parameters: {"id"=>"5"}
  [1m[36mArticle Load (0.1ms)[0m  [1m[34mSELECT "articles".* FROM "articles" WHERE "articles"."id" = ? LIMIT ?[0m  [["id", 5], ["LIMIT", 1]]
  ↳ app/controllers/articles_controller.rb:7:in `show'
  Rendering layout layouts/application.html.erb
  Rendering articles/show.html.erb within layouts/application
  Rendered articles/show.html.erb within layouts/application (Duration: 0.3ms | Allocations: 106)
  Rendered layout layouts/application.html.erb (Duration: 3.4ms | Allocations: 2427)
Completed 200 OK in 5ms (Views: 3.9ms | ActiveRecord: 0.1ms | Allocations: 3106)


Started GET "/articles" for ::1 at 2022-09-21 11:55:46 -0500
Processing by ArticlesController#index as HTML
  Rendering layout layouts/application.html.erb
  Rendering articles/index.html.erb within layouts/application
  [1m[36mArticle Load (0.1ms)[0m  [1m[34mSELECT "articles".* FROM "articles"[0m
  ↳ app/views/articles/index.html.erb:4
  Rendered articles/index.html.erb within layouts/application (Duration: 1.7ms | Allocations: 668)
  Rendered layout layouts/application.html.erb (Duration: 4.3ms | Allocations: 2989)
Completed 200 OK in 6ms (Views: 5.1ms | ActiveRecord: 0.1ms | Allocations: 3244)


  [1m[36mActiveRecord::SchemaMigration Pluck (0.1ms)[0m  [1m[34mSELECT "schema_migrations"."version" FROM "schema_migrations" ORDER BY "schema_migrations"."version" ASC[0m
Migrating to CreateComments (20220921170340)
  [1m[36mTRANSACTION (0.1ms)[0m  [1m[36mbegin transaction[0m
  [1m[35m (0.3ms)[0m  [1m[35mCREATE TABLE "comments" ("id" integer PRIMARY KEY AUTOINCREMENT NOT NULL, "commenter" varchar, "body" text, "article_id" integer NOT NULL, "created_at" datetime(6) NOT NULL, "updated_at" datetime(6) NOT NULL, CONSTRAINT "fk_rails_3bf61a60d3"
FOREIGN KEY ("article_id")
  REFERENCES "articles" ("id")
)[0m
  [1m[35m (0.1ms)[0m  [1m[35mCREATE INDEX "index_comments_on_article_id" ON "comments" ("article_id")[0m
  [1m[36mActiveRecord::SchemaMigration Create (0.3ms)[0m  [1m[32mINSERT INTO "schema_migrations" ("version") VALUES (?)[0m  [["version", "20220921170340"]]
  [1m[36mTRANSACTION (127.2ms)[0m  [1m[36mcommit transaction[0m
  [1m[36mActiveRecord::InternalMetadata Load (0.3ms)[0m  [1m[34mSELECT "ar_internal_metadata".* FROM "ar_internal_metadata" WHERE "ar_internal_metadata"."key" = ? LIMIT ?[0m  [["key", "environment"], ["LIMIT", 1]]
  [1m[36mActiveRecord::SchemaMigration Pluck (0.1ms)[0m  [1m[34mSELECT "schema_migrations"."version" FROM "schema_migrations" ORDER BY "schema_migrations"."version" ASC[0m
Started GET "/articles" for ::1 at 2022-09-21 12:17:08 -0500
  [1m[36mActiveRecord::SchemaMigration Pluck (0.1ms)[0m  [1m[34mSELECT "schema_migrations"."version" FROM "schema_migrations" ORDER BY "schema_migrations"."version" ASC[0m
Processing by ArticlesController#index as HTML
  Rendering layout layouts/application.html.erb
  Rendering articles/index.html.erb within layouts/application
  [1m[36mArticle Load (0.2ms)[0m  [1m[34mSELECT "articles".* FROM "articles"[0m
  ↳ app/views/articles/index.html.erb:4
  Rendered articles/index.html.erb within layouts/application (Duration: 4.2ms | Allocations: 1930)
  Rendered layout layouts/application.html.erb (Duration: 14.8ms | Allocations: 16056)
Completed 200 OK in 20ms (Views: 15.7ms | ActiveRecord: 0.2ms | Allocations: 18978)


Started GET "/articles/3" for ::1 at 2022-09-21 12:17:11 -0500
Processing by ArticlesController#show as HTML
  Parameters: {"id"=>"3"}
  [1m[36mArticle Load (0.3ms)[0m  [1m[34mSELECT "articles".* FROM "articles" WHERE "articles"."id" = ? LIMIT ?[0m  [["id", 3], ["LIMIT", 1]]
  ↳ app/controllers/articles_controller.rb:7:in `show'
  Rendering layout layouts/application.html.erb
  Rendering articles/show.html.erb within layouts/application
  [1m[36mComment Load (0.2ms)[0m  [1m[34mSELECT "comments".* FROM "comments" WHERE "comments"."article_id" = ?[0m  [["article_id", 3]]
  ↳ app/views/articles/show.html.erb:14
  Rendered articles/show.html.erb within layouts/application (Duration: 45.9ms | Allocations: 26953)
  Rendered layout layouts/application.html.erb (Duration: 48.3ms | Allocations: 29135)
Completed 200 OK in 53ms (Views: 48.3ms | ActiveRecord: 1.1ms | Allocations: 30426)


Started POST "/articles/3/comments" for ::1 at 2022-09-21 12:17:30 -0500
Processing by CommentsController#create as TURBO_STREAM
  Parameters: {"authenticity_token"=>"[FILTERED]", "comment"=>{"commenter"=>"Luis", "body"=>"He is very young :v"}, "commit"=>"Create Comment", "article_id"=>"3"}
  [1m[36mArticle Load (0.1ms)[0m  [1m[34mSELECT "articles".* FROM "articles" WHERE "articles"."id" = ? LIMIT ?[0m  [["id", 3], ["LIMIT", 1]]
  ↳ app/controllers/comments_controller.rb:3:in `create'
  [1m[36mTRANSACTION (0.1ms)[0m  [1m[36mbegin transaction[0m
  ↳ app/controllers/comments_controller.rb:4:in `create'
  [1m[36mComment Create (0.2ms)[0m  [1m[32mINSERT INTO "comments" ("commenter", "body", "article_id", "created_at", "updated_at") VALUES (?, ?, ?, ?, ?)[0m  [["commenter", "Luis"], ["body", "He is very young :v"], ["article_id", 3], ["created_at", "2022-09-21 17:17:30.879172"], ["updated_at", "2022-09-21 17:17:30.879172"]]
  ↳ app/controllers/comments_controller.rb:4:in `create'
  [1m[36mTRANSACTION (103.6ms)[0m  [1m[36mcommit transaction[0m
  ↳ app/controllers/comments_controller.rb:4:in `create'
Redirected to http://localhost:3000/articles/3
Completed 302 Found in 110ms (ActiveRecord: 104.0ms | Allocations: 2841)


Started GET "/articles/3" for ::1 at 2022-09-21 12:17:30 -0500
Processing by ArticlesController#show as TURBO_STREAM
  Parameters: {"id"=>"3"}
  [1m[36mArticle Load (0.2ms)[0m  [1m[34mSELECT "articles".* FROM "articles" WHERE "articles"."id" = ? LIMIT ?[0m  [["id", 3], ["LIMIT", 1]]
  ↳ app/controllers/articles_controller.rb:7:in `show'
  Rendering layout layouts/application.html.erb
  Rendering articles/show.html.erb within layouts/application
  [1m[36mComment Load (0.1ms)[0m  [1m[34mSELECT "comments".* FROM "comments" WHERE "comments"."article_id" = ?[0m  [["article_id", 3]]
  ↳ app/views/articles/show.html.erb:14
  Rendered articles/show.html.erb within layouts/application (Duration: 4.1ms | Allocations: 1806)
  Rendered layout layouts/application.html.erb (Duration: 6.3ms | Allocations: 3974)
Completed 200 OK in 9ms (Views: 6.8ms | ActiveRecord: 0.3ms | Allocations: 4702)


  [1m[36mActiveRecord::SchemaMigration Pluck (0.1ms)[0m  [1m[34mSELECT "schema_migrations"."version" FROM "schema_migrations" ORDER BY "schema_migrations"."version" ASC[0m
Migrating to AddStatusToArticles (20220921192511)
  [1m[36mTRANSACTION (0.1ms)[0m  [1m[36mbegin transaction[0m
  [1m[35m (0.4ms)[0m  [1m[35mALTER TABLE "articles" ADD "status" varchar[0m
  [1m[36mActiveRecord::SchemaMigration Create (0.4ms)[0m  [1m[32mINSERT INTO "schema_migrations" ("version") VALUES (?)[0m  [["version", "20220921192511"]]
  [1m[36mTRANSACTION (113.1ms)[0m  [1m[36mcommit transaction[0m
Migrating to AddStatusToComments (20220921192524)
  [1m[36mTRANSACTION (0.1ms)[0m  [1m[36mbegin transaction[0m
  [1m[35m (0.9ms)[0m  [1m[35mALTER TABLE "comments" ADD "status" varchar[0m
  [1m[36mActiveRecord::SchemaMigration Create (0.3ms)[0m  [1m[32mINSERT INTO "schema_migrations" ("version") VALUES (?)[0m  [["version", "20220921192524"]]
  [1m[36mTRANSACTION (90.6ms)[0m  [1m[36mcommit transaction[0m
  [1m[36mActiveRecord::InternalMetadata Load (0.4ms)[0m  [1m[34mSELECT "ar_internal_metadata".* FROM "ar_internal_metadata" WHERE "ar_internal_metadata"."key" = ? LIMIT ?[0m  [["key", "environment"], ["LIMIT", 1]]
  [1m[36mActiveRecord::SchemaMigration Pluck (0.2ms)[0m  [1m[34mSELECT "schema_migrations"."version" FROM "schema_migrations" ORDER BY "schema_migrations"."version" ASC[0m
Started GET "/articles" for ::1 at 2022-09-21 15:06:19 -0500
  [1m[36mActiveRecord::SchemaMigration Pluck (0.1ms)[0m  [1m[34mSELECT "schema_migrations"."version" FROM "schema_migrations" ORDER BY "schema_migrations"."version" ASC[0m
Processing by ArticlesController#index as HTML
  Rendering layout layouts/application.html.erb
  Rendering articles/index.html.erb within layouts/application
  [1m[36mArticle Count (0.3ms)[0m  [1m[34mSELECT COUNT(*) FROM "articles" WHERE "articles"."status" = ?[0m  [["status", "public"]]
  ↳ app/models/concerns/visible.rb:12:in `public_count'
  [1m[36mArticle Load (0.1ms)[0m  [1m[34mSELECT "articles".* FROM "articles"[0m
  ↳ app/views/articles/index.html.erb:6
  Rendered articles/index.html.erb within layouts/application (Duration: 6.4ms | Allocations: 2645)
  Rendered layout layouts/application.html.erb (Duration: 17.1ms | Allocations: 16774)
Completed 200 OK in 24ms (Views: 18.7ms | ActiveRecord: 0.4ms | Allocations: 19351)


Started GET "/articles/3" for ::1 at 2022-09-21 15:06:29 -0500
Processing by ArticlesController#show as HTML
  Parameters: {"id"=>"3"}
  [1m[36mArticle Load (0.2ms)[0m  [1m[34mSELECT "articles".* FROM "articles" WHERE "articles"."id" = ? LIMIT ?[0m  [["id", 3], ["LIMIT", 1]]
  ↳ app/controllers/articles_controller.rb:8:in `show'
  Rendering layout layouts/application.html.erb
  Rendering articles/show.html.erb within layouts/application
  [1m[36mComment Load (0.2ms)[0m  [1m[34mSELECT "comments".* FROM "comments" WHERE "comments"."article_id" = ?[0m  [["article_id", 3]]
  ↳ app/views/articles/show.html.erb:14
  Rendered collection of comments/_comment.html.erb [1 times] (Duration: 1.4ms | Allocations: 434)
  Rendered comments/_form.html.erb (Duration: 4.6ms | Allocations: 1968)
  Rendered articles/show.html.erb within layouts/application (Duration: 15.0ms | Allocations: 7840)
  Rendered layout layouts/application.html.erb (Duration: 17.9ms | Allocations: 10004)
Completed 200 OK in 21ms (Views: 18.3ms | ActiveRecord: 0.4ms | Allocations: 11297)


Started GET "/articles" for ::1 at 2022-09-21 15:07:40 -0500
Processing by ArticlesController#index as HTML
  Rendering layout layouts/application.html.erb
  Rendering articles/index.html.erb within layouts/application
  [1m[36mArticle Count (0.2ms)[0m  [1m[34mSELECT COUNT(*) FROM "articles" WHERE "articles"."status" = ?[0m  [["status", "public"]]
  ↳ app/models/concerns/visible.rb:12:in `public_count'
  [1m[36mArticle Load (0.1ms)[0m  [1m[34mSELECT "articles".* FROM "articles"[0m
  ↳ app/views/articles/index.html.erb:6
  Rendered articles/index.html.erb within layouts/application (Duration: 2.7ms | Allocations: 1248)
  Rendered layout layouts/application.html.erb (Duration: 7.4ms | Allocations: 3570)
Completed 200 OK in 9ms (Views: 7.8ms | ActiveRecord: 0.3ms | Allocations: 3825)


Started GET "/articles/new" for ::1 at 2022-09-21 15:07:42 -0500
Processing by ArticlesController#new as HTML
Filter chain halted as #<Proc:0x00007f172406bb10 /var/lib/gems/2.7.0/gems/actionpack-7.0.4/lib/action_controller/metal/http_authentication.rb:79> rendered or redirected
Completed 401 Unauthorized in 1ms (ActiveRecord: 0.0ms | Allocations: 89)


Started GET "/articles" for ::1 at 2022-09-21 15:07:55 -0500
Processing by ArticlesController#index as HTML
  Rendering layout layouts/application.html.erb
  Rendering articles/index.html.erb within layouts/application
  [1m[36mArticle Count (0.2ms)[0m  [1m[34mSELECT COUNT(*) FROM "articles" WHERE "articles"."status" = ?[0m  [["status", "public"]]
  ↳ app/models/concerns/visible.rb:12:in `public_count'
  [1m[36mArticle Load (0.1ms)[0m  [1m[34mSELECT "articles".* FROM "articles"[0m
  ↳ app/views/articles/index.html.erb:6
  Rendered articles/index.html.erb within layouts/application (Duration: 2.9ms | Allocations: 1244)
  Rendered layout layouts/application.html.erb (Duration: 6.1ms | Allocations: 3551)
Completed 200 OK in 7ms (Views: 6.3ms | ActiveRecord: 0.3ms | Allocations: 3805)


Started GET "/articles/new" for ::1 at 2022-09-21 15:29:57 -0500
Processing by ArticlesController#new as HTML
  Rendering layout layouts/application.html.erb
  Rendering articles/new.html.erb within layouts/application
  Rendered articles/_form.html.erb (Duration: 2.9ms | Allocations: 1704)
  Rendered articles/new.html.erb within layouts/application (Duration: 3.8ms | Allocations: 1932)
  Rendered layout layouts/application.html.erb (Duration: 13.1ms | Allocations: 15713)
Completed 200 OK in 20ms (Views: 14.3ms | ActiveRecord: 0.4ms | Allocations: 19068)


Started GET "/articles" for ::1 at 2022-09-21 15:36:09 -0500
Processing by ArticlesController#index as HTML
  Rendering layout layouts/application.html.erb
  Rendering articles/index.html.erb within layouts/application
  [1m[36mArticle Count (0.3ms)[0m  [1m[34mSELECT COUNT(*) FROM "articles" WHERE "articles"."status" = ?[0m  [["status", "public"]]
  ↳ app/models/concerns/visible.rb:12:in `public_count'
  [1m[36mArticle Load (0.2ms)[0m  [1m[34mSELECT "articles".* FROM "articles"[0m
  ↳ app/views/articles/index.html.erb:6
  Rendered articles/index.html.erb within layouts/application (Duration: 5.9ms | Allocations: 1431)
  Rendered layout layouts/application.html.erb (Duration: 10.6ms | Allocations: 3672)
Completed 200 OK in 12ms (Views: 11.4ms | ActiveRecord: 1.1ms | Allocations: 3950)


Started GET "/articles" for ::1 at 2022-09-21 18:38:06 -0500
  [1m[36mActiveRecord::SchemaMigration Pluck (0.3ms)[0m  [1m[34mSELECT "schema_migrations"."version" FROM "schema_migrations" ORDER BY "schema_migrations"."version" ASC[0m
Processing by ArticlesController#index as HTML
  Rendering layout layouts/application.html.erb
  Rendering articles/index.html.erb within layouts/application
  [1m[36mArticle Count (0.2ms)[0m  [1m[34mSELECT COUNT(*) FROM "articles" WHERE "articles"."status" = ?[0m  [["status", "public"]]
  ↳ app/models/concerns/visible.rb:12:in `public_count'
  [1m[36mArticle Load (0.1ms)[0m  [1m[34mSELECT "articles".* FROM "articles"[0m
  ↳ app/views/articles/index.html.erb:6
  Rendered articles/index.html.erb within layouts/application (Duration: 21.1ms | Allocations: 17937)
  Rendered layout layouts/application.html.erb (Duration: 91.7ms | Allocations: 52717)
Completed 200 OK in 110ms (Views: 93.0ms | ActiveRecord: 1.0ms | Allocations: 59955)


Started GET "/articles/3" for ::1 at 2022-09-21 18:41:59 -0500
Processing by ArticlesController#show as HTML
  Parameters: {"id"=>"3"}
  [1m[36mArticle Load (0.2ms)[0m  [1m[34mSELECT "articles".* FROM "articles" WHERE "articles"."id" = ? LIMIT ?[0m  [["id", 3], ["LIMIT", 1]]
  ↳ app/controllers/articles_controller.rb:8:in `show'
  Rendering layout layouts/application.html.erb
  Rendering articles/show.html.erb within layouts/application
  [1m[36mComment Load (0.2ms)[0m  [1m[34mSELECT "comments".* FROM "comments" WHERE "comments"."article_id" = ?[0m  [["article_id", 3]]
  ↳ app/views/articles/show.html.erb:14
  Rendered collection of comments/_comment.html.erb [1 times] (Duration: 3.4ms | Allocations: 967)
  Rendered comments/_form.html.erb (Duration: 9.1ms | Allocations: 3897)
  Rendered articles/show.html.erb within layouts/application (Duration: 42.6ms | Allocations: 33678)
  Rendered layout layouts/application.html.erb (Duration: 44.9ms | Allocations: 35845)
Completed 200 OK in 49ms (Views: 44.8ms | ActiveRecord: 0.9ms | Allocations: 37486)


Started GET "/articles" for ::1 at 2022-09-21 18:45:27 -0500
Processing by ArticlesController#index as HTML
  Rendering layout layouts/application.html.erb
  Rendering articles/index.html.erb within layouts/application
  [1m[36mArticle Count (0.2ms)[0m  [1m[34mSELECT COUNT(*) FROM "articles" WHERE "articles"."status" = ?[0m  [["status", "public"]]
  ↳ app/models/concerns/visible.rb:12:in `public_count'
  [1m[36mArticle Load (0.1ms)[0m  [1m[34mSELECT "articles".* FROM "articles"[0m
  ↳ app/views/articles/index.html.erb:6
  Rendered articles/index.html.erb within layouts/application (Duration: 3.6ms | Allocations: 1229)
  Rendered layout layouts/application.html.erb (Duration: 7.6ms | Allocations: 3535)
Completed 200 OK in 9ms (Views: 8.1ms | ActiveRecord: 0.3ms | Allocations: 3799)


Started GET "/articles/new" for ::1 at 2022-09-21 18:45:29 -0500
Processing by ArticlesController#new as HTML
  Rendering layout layouts/application.html.erb
  Rendering articles/new.html.erb within layouts/application
  Rendered articles/_form.html.erb (Duration: 3.1ms | Allocations: 1769)
  Rendered articles/new.html.erb within layouts/application (Duration: 4.5ms | Allocations: 1993)
  Rendered layout layouts/application.html.erb (Duration: 7.5ms | Allocations: 4168)
Completed 200 OK in 9ms (Views: 8.4ms | ActiveRecord: 0.0ms | Allocations: 4486)


Started POST "/articles" for ::1 at 2022-09-21 18:45:41 -0500
Processing by ArticlesController#create as TURBO_STREAM
  Parameters: {"authenticity_token"=>"[FILTERED]", "article"=>{"title"=>"Hola", "body"=>"Tu eres el mejor", "status"=>"public"}, "commit"=>"Create Article"}
  [1m[36mTRANSACTION (0.1ms)[0m  [1m[36mbegin transaction[0m
  ↳ app/controllers/articles_controller.rb:18:in `create'
  [1m[36mArticle Create (0.2ms)[0m  [1m[32mINSERT INTO "articles" ("title", "body", "created_at", "updated_at", "status") VALUES (?, ?, ?, ?, ?)[0m  [["title", "Hola"], ["body", "Tu eres el mejor"], ["created_at", "2022-09-21 23:45:41.258486"], ["updated_at", "2022-09-21 23:45:41.258486"], ["status", "public"]]
  ↳ app/controllers/articles_controller.rb:18:in `create'
  [1m[36mTRANSACTION (83.4ms)[0m  [1m[36mcommit transaction[0m
  ↳ app/controllers/articles_controller.rb:18:in `create'
Redirected to http://localhost:3000/articles/6
Completed 302 Found in 89ms (ActiveRecord: 83.7ms | Allocations: 2897)


Started GET "/articles/6" for ::1 at 2022-09-21 18:45:41 -0500
Processing by ArticlesController#show as TURBO_STREAM
  Parameters: {"id"=>"6"}
  [1m[36mArticle Load (0.2ms)[0m  [1m[34mSELECT "articles".* FROM "articles" WHERE "articles"."id" = ? LIMIT ?[0m  [["id", 6], ["LIMIT", 1]]
  ↳ app/controllers/articles_controller.rb:8:in `show'
  Rendering layout layouts/application.html.erb
  Rendering articles/show.html.erb within layouts/application
  [1m[36mComment Load (0.1ms)[0m  [1m[34mSELECT "comments".* FROM "comments" WHERE "comments"."article_id" = ?[0m  [["article_id", 6]]
  ↳ app/views/articles/show.html.erb:14
  Rendered collection of templates [0 times] (Duration: 0.1ms | Allocations: 14)
  Rendered comments/_form.html.erb (Duration: 3.6ms | Allocations: 1387)
  Rendered articles/show.html.erb within layouts/application (Duration: 6.4ms | Allocations: 2290)
  Rendered layout layouts/application.html.erb (Duration: 9.4ms | Allocations: 4446)
Completed 200 OK in 12ms (Views: 9.9ms | ActiveRecord: 0.3ms | Allocations: 5174)


Started GET "/articles" for ::1 at 2022-09-21 18:45:46 -0500
Processing by ArticlesController#index as HTML
  Rendering layout layouts/application.html.erb
  Rendering articles/index.html.erb within layouts/application
  [1m[36mArticle Count (0.3ms)[0m  [1m[34mSELECT COUNT(*) FROM "articles" WHERE "articles"."status" = ?[0m  [["status", "public"]]
  ↳ app/models/concerns/visible.rb:12:in `public_count'
  [1m[36mArticle Load (0.2ms)[0m  [1m[34mSELECT "articles".* FROM "articles"[0m
  ↳ app/views/articles/index.html.erb:6
  Rendered articles/index.html.erb within layouts/application (Duration: 6.2ms | Allocations: 1276)
  Rendered layout layouts/application.html.erb (Duration: 11.9ms | Allocations: 3592)
Completed 200 OK in 13ms (Views: 12.1ms | ActiveRecord: 0.5ms | Allocations: 3855)


Started GET "/articles/3" for ::1 at 2022-09-21 18:45:50 -0500
Processing by ArticlesController#show as HTML
  Parameters: {"id"=>"3"}
  [1m[36mArticle Load (0.2ms)[0m  [1m[34mSELECT "articles".* FROM "articles" WHERE "articles"."id" = ? LIMIT ?[0m  [["id", 3], ["LIMIT", 1]]
  ↳ app/controllers/articles_controller.rb:8:in `show'
  Rendering layout layouts/application.html.erb
  Rendering articles/show.html.erb within layouts/application
  [1m[36mComment Load (0.1ms)[0m  [1m[34mSELECT "comments".* FROM "comments" WHERE "comments"."article_id" = ?[0m  [["article_id", 3]]
  ↳ app/views/articles/show.html.erb:14
  Rendered collection of comments/_comment.html.erb [1 times] (Duration: 0.4ms | Allocations: 181)
  Rendered comments/_form.html.erb (Duration: 2.5ms | Allocations: 1383)
  Rendered articles/show.html.erb within layouts/application (Duration: 5.2ms | Allocations: 2448)
  Rendered layout layouts/application.html.erb (Duration: 7.9ms | Allocations: 4604)
Completed 200 OK in 11ms (Views: 8.4ms | ActiveRecord: 0.3ms | Allocations: 5281)


Started GET "/articles/3/edit" for ::1 at 2022-09-21 18:45:53 -0500
Processing by ArticlesController#edit as HTML
  Parameters: {"id"=>"3"}
  [1m[36mArticle Load (0.1ms)[0m  [1m[34mSELECT "articles".* FROM "articles" WHERE "articles"."id" = ? LIMIT ?[0m  [["id", 3], ["LIMIT", 1]]
  ↳ app/controllers/articles_controller.rb:26:in `edit'
  Rendering layout layouts/application.html.erb
  Rendering articles/edit.html.erb within layouts/application
  Rendered articles/_form.html.erb (Duration: 2.0ms | Allocations: 1383)
  Rendered articles/edit.html.erb within layouts/application (Duration: 2.7ms | Allocations: 1552)
  Rendered layout layouts/application.html.erb (Duration: 4.9ms | Allocations: 3716)
Completed 200 OK in 7ms (Views: 5.4ms | ActiveRecord: 0.1ms | Allocations: 4444)


Started PATCH "/articles/3" for ::1 at 2022-09-21 18:45:56 -0500
Processing by ArticlesController#update as TURBO_STREAM
  Parameters: {"authenticity_token"=>"[FILTERED]", "article"=>{"title"=>"Luis", "body"=>"He is 27 years old", "status"=>"public"}, "commit"=>"Update Article", "id"=>"3"}
  [1m[36mArticle Load (0.2ms)[0m  [1m[34mSELECT "articles".* FROM "articles" WHERE "articles"."id" = ? LIMIT ?[0m  [["id", 3], ["LIMIT", 1]]
  ↳ app/controllers/articles_controller.rb:30:in `update'
  [1m[36mTRANSACTION (0.1ms)[0m  [1m[36mbegin transaction[0m
  ↳ app/controllers/articles_controller.rb:32:in `update'
  [1m[36mArticle Update (0.3ms)[0m  [1m[33mUPDATE "articles" SET "updated_at" = ?, "status" = ? WHERE "articles"."id" = ?[0m  [["updated_at", "2022-09-21 23:45:56.390704"], ["status", "public"], ["id", 3]]
  ↳ app/controllers/articles_controller.rb:32:in `update'
  [1m[36mTRANSACTION (38.1ms)[0m  [1m[36mcommit transaction[0m
  ↳ app/controllers/articles_controller.rb:32:in `update'
Redirected to http://localhost:3000/articles/3
Completed 302 Found in 47ms (ActiveRecord: 38.6ms | Allocations: 2620)


Started GET "/articles/3" for ::1 at 2022-09-21 18:45:56 -0500
Processing by ArticlesController#show as TURBO_STREAM
  Parameters: {"id"=>"3"}
  [1m[36mArticle Load (0.2ms)[0m  [1m[34mSELECT "articles".* FROM "articles" WHERE "articles"."id" = ? LIMIT ?[0m  [["id", 3], ["LIMIT", 1]]
  ↳ app/controllers/articles_controller.rb:8:in `show'
  Rendering layout layouts/application.html.erb
  Rendering articles/show.html.erb within layouts/application
  [1m[36mComment Load (0.1ms)[0m  [1m[34mSELECT "comments".* FROM "comments" WHERE "comments"."article_id" = ?[0m  [["article_id", 3]]
  ↳ app/views/articles/show.html.erb:14
  Rendered collection of comments/_comment.html.erb [1 times] (Duration: 0.4ms | Allocations: 183)
  Rendered comments/_form.html.erb (Duration: 1.9ms | Allocations: 1388)
  Rendered articles/show.html.erb within layouts/application (Duration: 10.9ms | Allocations: 2461)
  Rendered layout layouts/application.html.erb (Duration: 13.3ms | Allocations: 4633)
Completed 200 OK in 16ms (Views: 13.9ms | ActiveRecord: 0.3ms | Allocations: 5315)


Started GET "/articles/" for ::1 at 2022-09-21 18:46:02 -0500
Processing by ArticlesController#index as HTML
  Rendering layout layouts/application.html.erb
  Rendering articles/index.html.erb within layouts/application
  [1m[36mArticle Count (0.5ms)[0m  [1m[34mSELECT COUNT(*) FROM "articles" WHERE "articles"."status" = ?[0m  [["status", "public"]]
  ↳ app/models/concerns/visible.rb:12:in `public_count'
  [1m[36mArticle Load (0.1ms)[0m  [1m[34mSELECT "articles".* FROM "articles"[0m
  ↳ app/views/articles/index.html.erb:6
  Rendered articles/index.html.erb within layouts/application (Duration: 3.7ms | Allocations: 1269)
  Rendered layout layouts/application.html.erb (Duration: 6.8ms | Allocations: 3578)
Completed 200 OK in 8ms (Views: 6.9ms | ActiveRecord: 0.6ms | Allocations: 3832)


Started GET "/articles/5" for ::1 at 2022-09-21 18:46:04 -0500
Processing by ArticlesController#show as HTML
  Parameters: {"id"=>"5"}
  [1m[36mArticle Load (0.2ms)[0m  [1m[34mSELECT "articles".* FROM "articles" WHERE "articles"."id" = ? LIMIT ?[0m  [["id", 5], ["LIMIT", 1]]
  ↳ app/controllers/articles_controller.rb:8:in `show'
  Rendering layout layouts/application.html.erb
  Rendering articles/show.html.erb within layouts/application
  [1m[36mComment Load (0.1ms)[0m  [1m[34mSELECT "comments".* FROM "comments" WHERE "comments"."article_id" = ?[0m  [["article_id", 5]]
  ↳ app/views/articles/show.html.erb:14
  Rendered collection of templates [0 times] (Duration: 0.0ms | Allocations: 13)
  Rendered comments/_form.html.erb (Duration: 2.0ms | Allocations: 1394)
  Rendered articles/show.html.erb within layouts/application (Duration: 3.7ms | Allocations: 2243)
  Rendered layout layouts/application.html.erb (Duration: 6.4ms | Allocations: 4399)
Completed 200 OK in 9ms (Views: 6.9ms | ActiveRecord: 0.2ms | Allocations: 5075)


Started GET "/articles/5/edit" for ::1 at 2022-09-21 18:46:05 -0500
Processing by ArticlesController#edit as HTML
  Parameters: {"id"=>"5"}
  [1m[36mArticle Load (0.2ms)[0m  [1m[34mSELECT "articles".* FROM "articles" WHERE "articles"."id" = ? LIMIT ?[0m  [["id", 5], ["LIMIT", 1]]
  ↳ app/controllers/articles_controller.rb:26:in `edit'
  Rendering layout layouts/application.html.erb
  Rendering articles/edit.html.erb within layouts/application
  Rendered articles/_form.html.erb (Duration: 3.8ms | Allocations: 1363)
  Rendered articles/edit.html.erb within layouts/application (Duration: 4.2ms | Allocations: 1417)
  Rendered layout layouts/application.html.erb (Duration: 6.8ms | Allocations: 3573)
Completed 200 OK in 10ms (Views: 7.5ms | ActiveRecord: 0.2ms | Allocations: 4249)


Started PATCH "/articles/5" for ::1 at 2022-09-21 18:46:07 -0500
Processing by ArticlesController#update as TURBO_STREAM
  Parameters: {"authenticity_token"=>"[FILTERED]", "article"=>{"title"=>"Juan", "body"=>"He is 32 years old", "status"=>"public"}, "commit"=>"Update Article", "id"=>"5"}
  [1m[36mArticle Load (0.2ms)[0m  [1m[34mSELECT "articles".* FROM "articles" WHERE "articles"."id" = ? LIMIT ?[0m  [["id", 5], ["LIMIT", 1]]
  ↳ app/controllers/articles_controller.rb:30:in `update'
  [1m[36mTRANSACTION (0.1ms)[0m  [1m[36mbegin transaction[0m
  ↳ app/controllers/articles_controller.rb:32:in `update'
  [1m[36mArticle Update (0.3ms)[0m  [1m[33mUPDATE "articles" SET "updated_at" = ?, "status" = ? WHERE "articles"."id" = ?[0m  [["updated_at", "2022-09-21 23:46:07.152071"], ["status", "public"], ["id", 5]]
  ↳ app/controllers/articles_controller.rb:32:in `update'
  [1m[36mTRANSACTION (91.0ms)[0m  [1m[36mcommit transaction[0m
  ↳ app/controllers/articles_controller.rb:32:in `update'
Redirected to http://localhost:3000/articles/5
Completed 302 Found in 100ms (ActiveRecord: 91.6ms | Allocations: 2575)


Started GET "/articles/5" for ::1 at 2022-09-21 18:46:07 -0500
Processing by ArticlesController#show as TURBO_STREAM
  Parameters: {"id"=>"5"}
  [1m[36mArticle Load (0.2ms)[0m  [1m[34mSELECT "articles".* FROM "articles" WHERE "articles"."id" = ? LIMIT ?[0m  [["id", 5], ["LIMIT", 1]]
  ↳ app/controllers/articles_controller.rb:8:in `show'
  Rendering layout layouts/application.html.erb
  Rendering articles/show.html.erb within layouts/application
  [1m[36mComment Load (0.1ms)[0m  [1m[34mSELECT "comments".* FROM "comments" WHERE "comments"."article_id" = ?[0m  [["article_id", 5]]
  ↳ app/views/articles/show.html.erb:14
  Rendered collection of templates [0 times] (Duration: 0.0ms | Allocations: 13)
  Rendered comments/_form.html.erb (Duration: 2.7ms | Allocations: 1380)
  Rendered articles/show.html.erb within layouts/application (Duration: 5.1ms | Allocations: 2232)
  Rendered layout layouts/application.html.erb (Duration: 8.4ms | Allocations: 4388)
Completed 200 OK in 12ms (Views: 9.0ms | ActiveRecord: 0.3ms | Allocations: 5068)


Started GET "/articles/" for ::1 at 2022-09-21 18:46:10 -0500
Processing by ArticlesController#index as HTML
  Rendering layout layouts/application.html.erb
  Rendering articles/index.html.erb within layouts/application
  [1m[36mArticle Count (0.4ms)[0m  [1m[34mSELECT COUNT(*) FROM "articles" WHERE "articles"."status" = ?[0m  [["status", "public"]]
  ↳ app/models/concerns/visible.rb:12:in `public_count'
  [1m[36mArticle Load (0.1ms)[0m  [1m[34mSELECT "articles".* FROM "articles"[0m
  ↳ app/views/articles/index.html.erb:6
  Rendered articles/index.html.erb within layouts/application (Duration: 4.1ms | Allocations: 1270)
  Rendered layout layouts/application.html.erb (Duration: 7.0ms | Allocations: 3579)
Completed 200 OK in 8ms (Views: 6.9ms | ActiveRecord: 0.5ms | Allocations: 3833)


Started GET "/articles/4" for ::1 at 2022-09-21 18:46:14 -0500
Processing by ArticlesController#show as HTML
  Parameters: {"id"=>"4"}
  [1m[36mArticle Load (0.2ms)[0m  [1m[34mSELECT "articles".* FROM "articles" WHERE "articles"."id" = ? LIMIT ?[0m  [["id", 4], ["LIMIT", 1]]
  ↳ app/controllers/articles_controller.rb:8:in `show'
  Rendering layout layouts/application.html.erb
  Rendering articles/show.html.erb within layouts/application
  [1m[36mComment Load (0.2ms)[0m  [1m[34mSELECT "comments".* FROM "comments" WHERE "comments"."article_id" = ?[0m  [["article_id", 4]]
  ↳ app/views/articles/show.html.erb:14
  Rendered collection of templates [0 times] (Duration: 0.1ms | Allocations: 13)
  Rendered comments/_form.html.erb (Duration: 3.3ms | Allocations: 1382)
  Rendered articles/show.html.erb within layouts/application (Duration: 6.7ms | Allocations: 2231)
  Rendered layout layouts/application.html.erb (Duration: 8.9ms | Allocations: 4387)
Completed 200 OK in 12ms (Views: 9.4ms | ActiveRecord: 0.4ms | Allocations: 5063)


Started GET "/articles/4/edit" for ::1 at 2022-09-21 18:46:15 -0500
Processing by ArticlesController#edit as HTML
  Parameters: {"id"=>"4"}
  [1m[36mArticle Load (0.2ms)[0m  [1m[34mSELECT "articles".* FROM "articles" WHERE "articles"."id" = ? LIMIT ?[0m  [["id", 4], ["LIMIT", 1]]
  ↳ app/controllers/articles_controller.rb:26:in `edit'
  Rendering layout layouts/application.html.erb
  Rendering articles/edit.html.erb within layouts/application
  Rendered articles/_form.html.erb (Duration: 2.4ms | Allocations: 1365)
  Rendered articles/edit.html.erb within layouts/application (Duration: 2.6ms | Allocations: 1419)
  Rendered layout layouts/application.html.erb (Duration: 5.2ms | Allocations: 3575)
Completed 200 OK in 8ms (Views: 5.8ms | ActiveRecord: 0.2ms | Allocations: 4251)


Started PATCH "/articles/4" for ::1 at 2022-09-21 18:46:17 -0500
Processing by ArticlesController#update as TURBO_STREAM
  Parameters: {"authenticity_token"=>"[FILTERED]", "article"=>{"title"=>"Laura", "body"=>"She is 27 years old", "status"=>"public"}, "commit"=>"Update Article", "id"=>"4"}
  [1m[36mArticle Load (0.1ms)[0m  [1m[34mSELECT "articles".* FROM "articles" WHERE "articles"."id" = ? LIMIT ?[0m  [["id", 4], ["LIMIT", 1]]
  ↳ app/controllers/articles_controller.rb:30:in `update'
  [1m[36mTRANSACTION (0.1ms)[0m  [1m[36mbegin transaction[0m
  ↳ app/controllers/articles_controller.rb:32:in `update'
  [1m[36mArticle Update (0.3ms)[0m  [1m[33mUPDATE "articles" SET "updated_at" = ?, "status" = ? WHERE "articles"."id" = ?[0m  [["updated_at", "2022-09-21 23:46:17.216624"], ["status", "public"], ["id", 4]]
  ↳ app/controllers/articles_controller.rb:32:in `update'
  [1m[36mTRANSACTION (67.8ms)[0m  [1m[36mcommit transaction[0m
  ↳ app/controllers/articles_controller.rb:32:in `update'
Redirected to http://localhost:3000/articles/4
Completed 302 Found in 76ms (ActiveRecord: 68.3ms | Allocations: 2562)


Started GET "/articles/4" for ::1 at 2022-09-21 18:46:17 -0500
Processing by ArticlesController#show as TURBO_STREAM
  Parameters: {"id"=>"4"}
  [1m[36mArticle Load (0.1ms)[0m  [1m[34mSELECT "articles".* FROM "articles" WHERE "articles"."id" = ? LIMIT ?[0m  [["id", 4], ["LIMIT", 1]]
  ↳ app/controllers/articles_controller.rb:8:in `show'
  Rendering layout layouts/application.html.erb
  Rendering articles/show.html.erb within layouts/application
  [1m[36mComment Load (0.1ms)[0m  [1m[34mSELECT "comments".* FROM "comments" WHERE "comments"."article_id" = ?[0m  [["article_id", 4]]
  ↳ app/views/articles/show.html.erb:14
  Rendered collection of templates [0 times] (Duration: 0.0ms | Allocations: 13)
  Rendered comments/_form.html.erb (Duration: 3.8ms | Allocations: 1392)
  Rendered articles/show.html.erb within layouts/application (Duration: 6.6ms | Allocations: 2245)
  Rendered layout layouts/application.html.erb (Duration: 10.3ms | Allocations: 4401)
Completed 200 OK in 13ms (Views: 10.8ms | ActiveRecord: 0.3ms | Allocations: 5081)


Started GET "/articles/" for ::1 at 2022-09-21 18:46:19 -0500
Processing by ArticlesController#index as HTML
  Rendering layout layouts/application.html.erb
  Rendering articles/index.html.erb within layouts/application
  [1m[36mArticle Count (0.3ms)[0m  [1m[34mSELECT COUNT(*) FROM "articles" WHERE "articles"."status" = ?[0m  [["status", "public"]]
  ↳ app/models/concerns/visible.rb:12:in `public_count'
  [1m[36mArticle Load (0.1ms)[0m  [1m[34mSELECT "articles".* FROM "articles"[0m
  ↳ app/views/articles/index.html.erb:6
  Rendered articles/index.html.erb within layouts/application (Duration: 3.5ms | Allocations: 1272)
  Rendered layout layouts/application.html.erb (Duration: 6.6ms | Allocations: 3599)
Completed 200 OK in 8ms (Views: 7.1ms | ActiveRecord: 0.4ms | Allocations: 3853)


Started GET "/articles/6" for ::1 at 2022-09-21 18:46:31 -0500
Processing by ArticlesController#show as HTML
  Parameters: {"id"=>"6"}
  [1m[36mArticle Load (0.2ms)[0m  [1m[34mSELECT "articles".* FROM "articles" WHERE "articles"."id" = ? LIMIT ?[0m  [["id", 6], ["LIMIT", 1]]
  ↳ app/controllers/articles_controller.rb:8:in `show'
  Rendering layout layouts/application.html.erb
  Rendering articles/show.html.erb within layouts/application
  [1m[36mComment Load (0.2ms)[0m  [1m[34mSELECT "comments".* FROM "comments" WHERE "comments"."article_id" = ?[0m  [["article_id", 6]]
  ↳ app/views/articles/show.html.erb:14
  Rendered collection of templates [0 times] (Duration: 0.1ms | Allocations: 13)
  Rendered comments/_form.html.erb (Duration: 3.8ms | Allocations: 1385)
  Rendered articles/show.html.erb within layouts/application (Duration: 7.7ms | Allocations: 2235)
  Rendered layout layouts/application.html.erb (Duration: 10.0ms | Allocations: 4391)
Completed 200 OK in 13ms (Views: 10.6ms | ActiveRecord: 0.4ms | Allocations: 5070)


Started GET "/articles" for ::1 at 2022-09-21 18:58:34 -0500
  [1m[36mActiveRecord::SchemaMigration Pluck (0.1ms)[0m  [1m[34mSELECT "schema_migrations"."version" FROM "schema_migrations" ORDER BY "schema_migrations"."version" ASC[0m
Processing by ArticlesController#index as HTML
  Rendering layout layouts/application.html.erb
  Rendering articles/index.html.erb within layouts/application
  [1m[36mArticle Count (0.1ms)[0m  [1m[34mSELECT COUNT(*) FROM "articles" WHERE "articles"."status" = ?[0m  [["status", "public"]]
  ↳ app/models/concerns/visible.rb:12:in `public_count'
  [1m[36mArticle Load (0.1ms)[0m  [1m[34mSELECT "articles".* FROM "articles"[0m
  ↳ app/views/articles/index.html.erb:6
  Rendered articles/index.html.erb within layouts/application (Duration: 15.6ms | Allocations: 17992)
  Rendered layout layouts/application.html.erb (Duration: 87.8ms | Allocations: 52700)
Completed 200 OK in 102ms (Views: 89.7ms | ActiveRecord: 0.7ms | Allocations: 60043)


Started GET "/articles" for ::1 at 2022-09-21 18:58:47 -0500
Processing by ArticlesController#index as HTML
  Rendering layout layouts/application.html.erb
  Rendering articles/index.html.erb within layouts/application
  [1m[36mArticle Count (0.3ms)[0m  [1m[34mSELECT COUNT(*) FROM "articles" WHERE "articles"."status" = ?[0m  [["status", "public"]]
  ↳ app/models/concerns/visible.rb:12:in `public_count'
  [1m[36mArticle Load (0.2ms)[0m  [1m[34mSELECT "articles".* FROM "articles"[0m
  ↳ app/views/articles/index.html.erb:6
  Rendered articles/index.html.erb within layouts/application (Duration: 5.5ms | Allocations: 1287)
  Rendered layout layouts/application.html.erb (Duration: 13.1ms | Allocations: 3603)
Completed 200 OK in 14ms (Views: 13.4ms | ActiveRecord: 0.5ms | Allocations: 3867)


Started GET "/articles/3" for ::1 at 2022-09-21 18:58:49 -0500
Processing by ArticlesController#show as HTML
  Parameters: {"id"=>"3"}
  [1m[36mArticle Load (0.2ms)[0m  [1m[34mSELECT "articles".* FROM "articles" WHERE "articles"."id" = ? LIMIT ?[0m  [["id", 3], ["LIMIT", 1]]
  ↳ app/controllers/articles_controller.rb:8:in `show'
  Rendering layout layouts/application.html.erb
  Rendering articles/show.html.erb within layouts/application
  [1m[36mComment Load (0.1ms)[0m  [1m[34mSELECT "comments".* FROM "comments" WHERE "comments"."article_id" = ?[0m  [["article_id", 3]]
  ↳ app/views/articles/show.html.erb:14
  Rendered collection of comments/_comment.html.erb [1 times] (Duration: 42.6ms | Allocations: 967)
  Rendered comments/_form.html.erb (Duration: 24.4ms | Allocations: 3930)
  Rendered articles/show.html.erb within layouts/application (Duration: 91.2ms | Allocations: 27478)
  Rendered layout layouts/application.html.erb (Duration: 93.6ms | Allocations: 29645)
Completed 200 OK in 97ms (Views: 93.4ms | ActiveRecord: 0.8ms | Allocations: 31286)


Started GET "/articles/4" for ::1 at 2022-09-21 18:58:52 -0500
Processing by ArticlesController#show as HTML
  Parameters: {"id"=>"4"}
  [1m[36mArticle Load (0.2ms)[0m  [1m[34mSELECT "articles".* FROM "articles" WHERE "articles"."id" = ? LIMIT ?[0m  [["id", 4], ["LIMIT", 1]]
  ↳ app/controllers/articles_controller.rb:8:in `show'
  Rendering layout layouts/application.html.erb
  Rendering articles/show.html.erb within layouts/application
  [1m[36mComment Load (0.2ms)[0m  [1m[34mSELECT "comments".* FROM "comments" WHERE "comments"."article_id" = ?[0m  [["article_id", 4]]
  ↳ app/views/articles/show.html.erb:14
  Rendered collection of templates [0 times] (Duration: 0.0ms | Allocations: 14)
  Rendered comments/_form.html.erb (Duration: 2.2ms | Allocations: 1395)
  Rendered articles/show.html.erb within layouts/application (Duration: 5.1ms | Allocations: 2251)
  Rendered layout layouts/application.html.erb (Duration: 7.6ms | Allocations: 4409)
Completed 200 OK in 11ms (Views: 8.3ms | ActiveRecord: 0.4ms | Allocations: 5102)


Started GET "/articles/5" for ::1 at 2022-09-21 18:58:54 -0500
Processing by ArticlesController#show as HTML
  Parameters: {"id"=>"5"}
  [1m[36mArticle Load (0.3ms)[0m  [1m[34mSELECT "articles".* FROM "articles" WHERE "articles"."id" = ? LIMIT ?[0m  [["id", 5], ["LIMIT", 1]]
  ↳ app/controllers/articles_controller.rb:8:in `show'
  Rendering layout layouts/application.html.erb
  Rendering articles/show.html.erb within layouts/application
  [1m[36mComment Load (0.2ms)[0m  [1m[34mSELECT "comments".* FROM "comments" WHERE "comments"."article_id" = ?[0m  [["article_id", 5]]
  ↳ app/views/articles/show.html.erb:14
  Rendered collection of templates [0 times] (Duration: 0.1ms | Allocations: 13)
  Rendered comments/_form.html.erb (Duration: 3.4ms | Allocations: 1377)
  Rendered articles/show.html.erb within layouts/application (Duration: 6.8ms | Allocations: 2229)
  Rendered layout layouts/application.html.erb (Duration: 9.2ms | Allocations: 4387)
Completed 200 OK in 13ms (Views: 9.7ms | ActiveRecord: 0.5ms | Allocations: 5079)


Started GET "/articles/6" for ::1 at 2022-09-21 18:58:56 -0500
Processing by ArticlesController#show as HTML
  Parameters: {"id"=>"6"}
  [1m[36mArticle Load (0.1ms)[0m  [1m[34mSELECT "articles".* FROM "articles" WHERE "articles"."id" = ? LIMIT ?[0m  [["id", 6], ["LIMIT", 1]]
  ↳ app/controllers/articles_controller.rb:8:in `show'
  Rendering layout layouts/application.html.erb
  Rendering articles/show.html.erb within layouts/application
  [1m[36mComment Load (0.2ms)[0m  [1m[34mSELECT "comments".* FROM "comments" WHERE "comments"."article_id" = ?[0m  [["article_id", 6]]
  ↳ app/views/articles/show.html.erb:14
  Rendered collection of templates [0 times] (Duration: 0.1ms | Allocations: 13)
  Rendered comments/_form.html.erb (Duration: 4.8ms | Allocations: 1384)
  Rendered articles/show.html.erb within layouts/application (Duration: 8.7ms | Allocations: 2234)
  Rendered layout layouts/application.html.erb (Duration: 11.4ms | Allocations: 4390)
Completed 200 OK in 14ms (Views: 12.0ms | ActiveRecord: 0.3ms | Allocations: 5067)


Started POST "/articles/6/comments" for ::1 at 2022-09-21 18:59:12 -0500
Processing by CommentsController#create as TURBO_STREAM
  Parameters: {"authenticity_token"=>"[FILTERED]", "comment"=>{"commenter"=>"Luis", "body"=>"I know", "status"=>"public"}, "commit"=>"Create Comment", "article_id"=>"6"}
  [1m[36mArticle Load (0.1ms)[0m  [1m[34mSELECT "articles".* FROM "articles" WHERE "articles"."id" = ? LIMIT ?[0m  [["id", 6], ["LIMIT", 1]]
  ↳ app/controllers/comments_controller.rb:4:in `create'
  [1m[36mTRANSACTION (0.1ms)[0m  [1m[36mbegin transaction[0m
  ↳ app/controllers/comments_controller.rb:5:in `create'
  [1m[36mComment Create (0.3ms)[0m  [1m[32mINSERT INTO "comments" ("commenter", "body", "article_id", "created_at", "updated_at", "status") VALUES (?, ?, ?, ?, ?, ?)[0m  [["commenter", "Luis"], ["body", "I know"], ["article_id", 6], ["created_at", "2022-09-21 23:59:12.731070"], ["updated_at", "2022-09-21 23:59:12.731070"], ["status", "public"]]
  ↳ app/controllers/comments_controller.rb:5:in `create'
  [1m[36mTRANSACTION (84.9ms)[0m  [1m[36mcommit transaction[0m
  ↳ app/controllers/comments_controller.rb:5:in `create'
Redirected to http://localhost:3000/articles/6
Completed 302 Found in 92ms (ActiveRecord: 85.4ms | Allocations: 3604)


Started GET "/articles/6" for ::1 at 2022-09-21 18:59:12 -0500
Processing by ArticlesController#show as TURBO_STREAM
  Parameters: {"id"=>"6"}
  [1m[36mArticle Load (0.2ms)[0m  [1m[34mSELECT "articles".* FROM "articles" WHERE "articles"."id" = ? LIMIT ?[0m  [["id", 6], ["LIMIT", 1]]
  ↳ app/controllers/articles_controller.rb:8:in `show'
  Rendering layout layouts/application.html.erb
  Rendering articles/show.html.erb within layouts/application
  [1m[36mComment Load (0.2ms)[0m  [1m[34mSELECT "comments".* FROM "comments" WHERE "comments"."article_id" = ?[0m  [["article_id", 6]]
  ↳ app/views/articles/show.html.erb:14
  Rendered collection of comments/_comment.html.erb [1 times] (Duration: 0.5ms | Allocations: 183)
  Rendered comments/_form.html.erb (Duration: 2.1ms | Allocations: 1384)
  Rendered articles/show.html.erb within layouts/application (Duration: 5.7ms | Allocations: 2501)
  Rendered layout layouts/application.html.erb (Duration: 8.0ms | Allocations: 4657)
Completed 200 OK in 11ms (Views: 8.5ms | ActiveRecord: 0.4ms | Allocations: 5384)


